app/release/mapping.txt
# compiler: R8
# compiler_version: 1.5.68
# min_api: 17
# pg_map_id: eb8d020
com.huxq17.example.MainActivity -> com.huxq17.example.MainActivity:
    com.huxq17.example.fragment.MeiziFragment meiziFragment -> t
    1:1:com.huxq17.example.fragment.MeiziFragment com.huxq17.example.fragment.MeiziFragment.getInstance():0:0 -> onCreate
    1:1:void onCreate(android.os.Bundle):0 -> onCreate
    2:2:void onCreate(android.os.Bundle):0:0 -> onCreate
    3:3:androidx.fragment.app.FragmentTransaction androidx.fragment.app.FragmentTransaction.replace(int,androidx.fragment.app.Fragment,java.lang.String):0:0 -> onCreate
    3:3:androidx.fragment.app.FragmentTransaction androidx.fragment.app.FragmentTransaction.replace(int,androidx.fragment.app.Fragment):0 -> onCreate
    3:3:void onCreate(android.os.Bundle):0 -> onCreate
    4:4:void onCreate(android.os.Bundle):0:0 -> onCreate
    1:1:void com.huxq17.example.fragment.MeiziFragment.doLeftOut():0:0 -> onOptionsItemSelected
    1:1:boolean onOptionsItemSelected(android.view.MenuItem):0 -> onOptionsItemSelected
    2:2:boolean onOptionsItemSelected(android.view.MenuItem):0:0 -> onOptionsItemSelected
    3:3:void com.huxq17.example.fragment.MeiziFragment.doRightOut():0:0 -> onOptionsItemSelected
    3:3:boolean onOptionsItemSelected(android.view.MenuItem):0 -> onOptionsItemSelected
    4:4:boolean onOptionsItemSelected(android.view.MenuItem):0:0 -> onOptionsItemSelected
    5:5:void com.huxq17.example.fragment.MeiziFragment.doRetry():0:0 -> onOptionsItemSelected
com.huxq17.example.R$id -> b.e.b.a:
com.huxq17.example.adapter.MeiziAdapter -> b.e.b.b.a:
    java.util.List datas -> a
    int getCardLayoutId() -> a
    int getVisibleCardCount() -> b
com.huxq17.example.base.Base -> b.e.b.c.a:
    android.content.Context mContext -> a
    android.widget.Toast mToast -> b
    java.lang.ref.WeakReference mContextRef -> d
    java.lang.String mMsg -> c
    1:1:void <init>(android.content.Context):0:0 -> <init>
    1:1:void <init>(android.content.Context,com.huxq17.example.base.Base$1):0 -> <init>
    void HideSoftInput(android.os.IBinder) -> a
    boolean isHideInput(android.view.View,android.view.MotionEvent) -> a
    1:1:void _toast(java.lang.String,int,boolean):0:0 -> a
    1:1:void toast(java.lang.String):0 -> a
com.huxq17.example.base.Base$1 -> b.e.b.c.a$a:
com.huxq17.example.base.Base$BaseHolder -> b.e.b.c.a$b:
    com.huxq17.example.base.Base instance -> a
    1:1:java.lang.ref.WeakReference com.huxq17.example.base.Base.access$000():0:0 -> <clinit>
    1:1:void <clinit>():0 -> <clinit>
    2:2:void <clinit>():0:0 -> <clinit>
com.huxq17.example.base.BaseActivity -> b.e.b.c.b:
    com.huxq17.example.base.Base mBase -> s
    void toast(java.lang.String) -> a
    1:1:com.huxq17.example.base.Base com.huxq17.example.base.Base.getInstance(android.content.Context):0:0 -> attachBaseContext
    1:1:void attachBaseContext(android.content.Context):0 -> attachBaseContext
    2:2:com.huxq17.example.base.Base com.huxq17.example.base.Base$BaseHolder.access$200():0:0 -> attachBaseContext
    2:2:com.huxq17.example.base.Base com.huxq17.example.base.Base.getInstance(android.content.Context):0 -> attachBaseContext
    2:2:void attachBaseContext(android.content.Context):0 -> attachBaseContext
    3:3:void attachBaseContext(android.content.Context):0:0 -> attachBaseContext
com.huxq17.example.base.BaseBean -> b.e.b.c.c:
...
com.squareup.picasso.Transformation -> b.f.a.d0:
    java.lang.String key() -> a
    android.graphics.Bitmap transform(android.graphics.Bitmap) -> a
com.squareup.picasso.Utils -> b.f.a.e0:
    okio.ByteString WEBP_FILE_HEADER_WEBP -> c
    okio.ByteString WEBP_FILE_HEADER_RIFF -> b
    java.lang.StringBuilder MAIN_THREAD_KEY_BUILDER -> a
    long calculateDiskCacheSize(java.io.File) -> a
    1:1:java.lang.Object getService(android.content.Context,java.lang.String):0:0 -> a
    1:1:int calculateMemoryCacheSize(android.content.Context):0 -> a
    2:2:int calculateMemoryCacheSize(android.content.Context):0:0 -> a
    3:3:boolean isMain():0:0 -> a
    3:3:void checkMain():0 -> a
    4:4:void checkMain():0:0 -> a
    java.lang.Object checkNotNull(java.lang.Object,java.lang.String) -> a
    void flushStackLocalLeaks(android.os.Looper) -> a
    int getBitmapBytes(android.graphics.Bitmap) -> a
    java.lang.String getLogIdsForHunter(com.squareup.picasso.BitmapHunter) -> a
    5:5:com.squareup.picasso.Action com.squareup.picasso.BitmapHunter.getAction():0:0 -> a
    5:5:java.lang.String getLogIdsForHunter(com.squareup.picasso.BitmapHunter,java.lang.String):0 -> a
    6:6:java.lang.String getLogIdsForHunter(com.squareup.picasso.BitmapHunter,java.lang.String):0:0 -> a
    7:7:java.util.List com.squareup.picasso.BitmapHunter.getActions():0:0 -> a
    7:7:java.lang.String getLogIdsForHunter(com.squareup.picasso.BitmapHunter,java.lang.String):0 -> a
    8:8:java.lang.String getLogIdsForHunter(com.squareup.picasso.BitmapHunter,java.lang.String):0:0 -> a
com.squareup.picasso.Utils$1 -> b.f.a.e0$a:
com.squareup.picasso.Utils$PicassoThread -> b.f.a.e0$b:
com.squareup.picasso.Utils$PicassoThreadFactory -> b.f.a.e0$c:
com.tencent.bugly.crashreport.CrashReport$1 -> com.tencent.bugly.crashreport.CrashReport$a:
com.tencent.bugly.crashreport.biz.UserInfoBean$1 -> com.tencent.bugly.crashreport.biz.UserInfoBean$a:
com.tencent.bugly.crashreport.biz.a$1 -> com.tencent.bugly.crashreport.biz.a$a:
com.tencent.bugly.crashreport.biz.a$2 -> com.tencent.bugly.crashreport.biz.a$b:
    com.tencent.bugly.crashreport.biz.a a -> b
com.tencent.bugly.crashreport.biz.a$a -> com.tencent.bugly.crashreport.biz.a$c:
    com.tencent.bugly.crashreport.biz.a c -> d
    com.tencent.bugly.crashreport.biz.UserInfoBean b -> c
    boolean a -> b
com.tencent.bugly.crashreport.biz.a$b -> com.tencent.bugly.crashreport.biz.a$d:
    com.tencent.bugly.crashreport.biz.a a -> b
com.tencent.bugly.crashreport.biz.a$c -> com.tencent.bugly.crashreport.biz.a$e:
    com.tencent.bugly.crashreport.biz.a b -> c
    long a -> b
com.tencent.bugly.crashreport.biz.b$1 -> com.tencent.bugly.crashreport.biz.b$a:
    android.content.Context a -> b
    com.tencent.bugly.BuglyStrategy b -> c
com.tencent.bugly.crashreport.biz.b$2 -> com.tencent.bugly.crashreport.biz.b$b:
com.tencent.bugly.crashreport.common.info.PlugInBean$1 -> com.tencent.bugly.crashreport.common.info.PlugInBean$a:
com.tencent.bugly.crashreport.common.strategy.StrategyBean$1 -> com.tencent.bugly.crashreport.common.strategy.StrategyBean$a:
com.tencent.bugly.crashreport.common.strategy.a$1 -> com.tencent.bugly.crashreport.common.strategy.a$a:
    com.tencent.bugly.crashreport.common.strategy.a a -> b
com.tencent.bugly.crashreport.crash.BuglyBroadcastReceiver$1 -> com.tencent.bugly.crashreport.crash.BuglyBroadcastReceiver$a:
    com.tencent.bugly.crashreport.crash.BuglyBroadcastReceiver a -> b
    com.tencent.bugly.crashreport.crash.BuglyBroadcastReceiver b -> c
com.tencent.bugly.crashreport.crash.CrashDetailBean$1 -> com.tencent.bugly.crashreport.crash.CrashDetailBean$a:
com.tencent.bugly.crashreport.crash.anr.TraceFileHelper$1 -> com.tencent.bugly.crashreport.crash.anr.TraceFileHelper$c:
com.tencent.bugly.crashreport.crash.anr.TraceFileHelper$2 -> com.tencent.bugly.crashreport.crash.anr.TraceFileHelper$d:
com.tencent.bugly.crashreport.crash.anr.b$1 -> com.tencent.bugly.crashreport.crash.anr.b$a: